#
# There is insufficient memory for the Java Runtime Environment to continue.
# Native memory allocation (malloc) failed to allocate 65552 bytes for Chunk::new
# Possible reasons:
#   The system is out of physical RAM or swap space
#   In 32 bit mode, the process size limit was hit
# Possible solutions:
#   Reduce memory load on the system
#   Increase physical memory or swap space
#   Check if swap backing store is full
#   Use 64 bit Java on a 64 bit OS
#   Decrease Java heap size (-Xmx/-Xms)
#   Decrease number of Java threads
#   Decrease Java thread stack sizes (-Xss)
#   Set larger code cache with -XX:ReservedCodeCacheSize=
# This output file may be truncated or incomplete.
#
#  Out of Memory Error (allocation.cpp:317), pid=4504, tid=2024
#
# JRE version: 6.0_26-b03
# Java VM: Java HotSpot(TM) 64-Bit Server VM (20.1-b02 mixed mode windows-amd64 compressed oops)

---------------  T H R E A D  ---------------

Current thread (0x00000000063b9800):  JavaThread "C2 CompilerThread0" daemon [_thread_in_native, id=2024, stack(0x0000000006760000,0x0000000006860000)]

Stack: [0x0000000006760000,0x0000000006860000]

Current CompileTask:
C2:  21559 440  !   com.bulletphysics.collision.narrowphase.GjkEpaSolver$EPA.EvaluatePD(F)F (907 bytes)


---------------  P R O C E S S  ---------------

Java Threads: ( => current thread )
  0x0000000006d53000 JavaThread "jME3 Audio Thread" daemon [_thread_blocked, id=4880, stack(0x000000000efe0000,0x000000000f0e0000)]
  0x00000000001dc000 JavaThread "DestroyJavaVM" [_thread_blocked, id=4468, stack(0x0000000002310000,0x0000000002410000)]
  0x0000000006ebc800 JavaThread "LWJGL Renderer Thread" [_thread_blocked, id=4708, stack(0x000000000d5c0000,0x000000000d6c0000)]
  0x000000000a891800 JavaThread "TimerQueue" daemon [_thread_blocked, id=4320, stack(0x000000000c0d0000,0x000000000c1d0000)]
  0x000000000a839800 JavaThread "D3D Screen Updater" daemon [_thread_blocked, id=4792, stack(0x000000000b760000,0x000000000b860000)]
  0x0000000006539800 JavaThread "AWT-Windows" daemon [_thread_in_native, id=764, stack(0x00000000075e0000,0x00000000076e0000)]
  0x0000000006530000 JavaThread "Java2D Disposer" daemon [_thread_blocked, id=4964, stack(0x00000000073e0000,0x00000000074e0000)]
  0x00000000063db800 JavaThread "Low Memory Detector" daemon [_thread_blocked, id=3080, stack(0x0000000006960000,0x0000000006a60000)]
  0x00000000063d0800 JavaThread "C2 CompilerThread1" daemon [_thread_in_native, id=4180, stack(0x0000000006860000,0x0000000006960000)]
=>0x00000000063b9800 JavaThread "C2 CompilerThread0" daemon [_thread_in_native, id=2024, stack(0x0000000006760000,0x0000000006860000)]
  0x00000000063b5800 JavaThread "Attach Listener" daemon [_thread_blocked, id=3992, stack(0x0000000006660000,0x0000000006760000)]
  0x00000000063b4800 JavaThread "Signal Dispatcher" daemon [_thread_blocked, id=4108, stack(0x0000000006560000,0x0000000006660000)]
  0x00000000002d9000 JavaThread "Finalizer" daemon [_thread_blocked, id=4232, stack(0x0000000006260000,0x0000000006360000)]
  0x00000000002d7000 JavaThread "Reference Handler" daemon [_thread_blocked, id=3672, stack(0x0000000006160000,0x0000000006260000)]

Other Threads:
  0x00000000002cd000 VMThread [stack: 0x0000000006060000,0x0000000006160000] [id=1244]
  0x00000000063ec800 WatcherThread [stack: 0x0000000006a60000,0x0000000006b60000] [id=2284]

VM state:at safepoint (normal execution)

VM Mutex/Monitor currently owned by a thread:  ([mutex/lock_event])
[0x00000000001d9e30] Threads_lock - owner thread: 0x00000000002cd000
[0x00000000001da330] Heap_lock - owner thread: 0x0000000006ebc800

Heap
 PSYoungGen      total 97984K, used 96064K [0x00000000f5560000, 0x00000000fd460000, 0x0000000100000000)
  eden space 95936K, 100% used [0x00000000f5560000,0x00000000fb310000,0x00000000fb310000)
  from space 2048K, 6% used [0x00000000fb310000,0x00000000fb330000,0x00000000fb510000)
  to   space 1984K, 4% used [0x00000000fd270000,0x00000000fd288000,0x00000000fd460000)
 PSOldGen        total 22336K, used 10164K [0x00000000e0000000, 0x00000000e15d0000, 0x00000000f5560000)
  object space 22336K, 45% used [0x00000000e0000000,0x00000000e09ed0a8,0x00000000e15d0000)
 PSPermGen       total 45120K, used 23300K [0x00000000dae00000, 0x00000000dda10000, 0x00000000e0000000)
  object space 45120K, 51% used [0x00000000dae00000,0x00000000dc4c1028,0x00000000dda10000)

Code Cache  [0x0000000002440000, 0x00000000026b0000, 0x0000000005440000)
 total_blobs=1053 nmethods=452 adapters=554 free_code_cache=48373376 largest_free_block=14528

Dynamic libraries:
0x0000000000400000 - 0x000000000042e000 	F:\Program Files\Java\jdk1.6.0_26\jre\bin\java.exe
0x0000000077800000 - 0x00000000779a9000 	C:\Windows\SYSTEM32\ntdll.dll
0x00000000774d0000 - 0x00000000775ef000 	C:\Windows\system32\kernel32.dll
0x000007fefdf40000 - 0x000007fefdfac000 	C:\Windows\system32\KERNELBASE.dll
0x000007fefe160000 - 0x000007fefe23b000 	C:\Windows\system32\ADVAPI32.dll
0x000007fefe0c0000 - 0x000007fefe15f000 	C:\Windows\system32\msvcrt.dll
0x000007feff5a0000 - 0x000007feff5bf000 	C:\Windows\SYSTEM32\sechost.dll
0x000007fefe430000 - 0x000007fefe55d000 	C:\Windows\system32\RPCRT4.dll
0x000000006d890000 - 0x000000006e048000 	F:\Program Files\Java\jdk1.6.0_26\jre\bin\server\jvm.dll
0x0000000077120000 - 0x000000007721a000 	C:\Windows\system32\USER32.dll
0x000007fefe030000 - 0x000007fefe097000 	C:\Windows\system32\GDI32.dll
0x000007fefe420000 - 0x000007fefe42e000 	C:\Windows\system32\LPK.dll
0x000007feff620000 - 0x000007feff6e9000 	C:\Windows\system32\USP10.dll
0x000007fefbce0000 - 0x000007fefbd1b000 	C:\Windows\system32\WINMM.dll
0x000007feff7d0000 - 0x000007feff7fe000 	C:\Windows\system32\IMM32.DLL
0x000007fefe240000 - 0x000007fefe349000 	C:\Windows\system32\MSCTF.dll
0x000000006d800000 - 0x000000006d80e000 	F:\Program Files\Java\jdk1.6.0_26\jre\bin\verify.dll
0x000000006d450000 - 0x000000006d477000 	F:\Program Files\Java\jdk1.6.0_26\jre\bin\java.dll
0x00000000779c0000 - 0x00000000779c7000 	C:\Windows\system32\PSAPI.DLL
0x000000006d850000 - 0x000000006d862000 	F:\Program Files\Java\jdk1.6.0_26\jre\bin\zip.dll
0x000000006d0a0000 - 0x000000006d263000 	F:\Program Files\Java\jdk1.6.0_26\jre\bin\awt.dll
0x000007fefa9e0000 - 0x000007fefaa51000 	C:\Windows\system32\WINSPOOL.DRV
0x000007fefe560000 - 0x000007fefe763000 	C:\Windows\system32\ole32.dll
0x000007fefe770000 - 0x000007feff4f8000 	C:\Windows\system32\SHELL32.dll
0x000007fefe350000 - 0x000007fefe3c1000 	C:\Windows\system32\SHLWAPI.dll
0x000007fefc430000 - 0x000007fefc624000 	C:\Windows\WinSxS\amd64_microsoft.windows.common-controls_6595b64144ccf1df_6.0.7601.17514_none_fa396087175ac9ac\COMCTL32.dll
0x000007fefa1f0000 - 0x000007fefa290000 	C:\Windows\WinSxS\amd64_microsoft.windows.common-controls_6595b64144ccf1df_5.82.7601.17514_none_a4d6a923711520a9\comctl32.dll
0x000007fefbb10000 - 0x000007fefbb28000 	C:\Windows\system32\DWMAPI.DLL
0x000007fefc380000 - 0x000007fefc3d6000 	C:\Windows\system32\uxtheme.dll
0x000007fefdb90000 - 0x000007fefdb9f000 	C:\Windows\system32\CRYPTBASE.dll
